This file contains any messages produced by compilers while
running configure, to aid debugging if configure makes a mistake.

It was created by INF2610-TP1-Hiv2013 configure 1.0.0, which was
generated by GNU Autoconf 2.69.  Invocation command line was

  $ ./configure 

## --------- ##
## Platform. ##
## --------- ##

hostname = debian-64
uname -m = x86_64
uname -r = 2.6.32-5-amd64
uname -s = Linux
uname -v = #1 SMP Sun Sep 23 10:07:46 UTC 2012

/usr/bin/uname -p = unknown
/bin/uname -X     = unknown

/bin/arch              = unknown
/usr/bin/arch -k       = unknown
/usr/convex/getsysinfo = unknown
/usr/bin/hostinfo      = unknown
/bin/machine           = unknown
/usr/bin/oslevel       = unknown
/bin/universe          = unknown

PATH: /usr/local/bin
PATH: /usr/bin
PATH: /bin
PATH: /usr/local/games
PATH: /usr/games


## ----------- ##
## Core tests. ##
## ----------- ##

configure:2386: checking for a BSD-compatible install
configure:2454: result: /usr/bin/install -c
configure:2465: checking whether build environment is sane
configure:2515: result: yes
configure:2656: checking for a thread-safe mkdir -p
configure:2695: result: /bin/mkdir -p
configure:2708: checking for gawk
configure:2738: result: no
configure:2708: checking for mawk
configure:2724: found /usr/bin/mawk
configure:2735: result: mawk
configure:2746: checking whether make sets $(MAKE)
configure:2768: result: yes
configure:2941: checking build system type
configure:2955: result: x86_64-unknown-linux-gnu
configure:2975: checking host system type
configure:2988: result: x86_64-unknown-linux-gnu
configure:3029: checking how to print strings
configure:3056: result: printf
configure:3089: checking for style of include used by make
configure:3117: result: GNU
configure:3188: checking for gcc
configure:3204: found /usr/bin/gcc
configure:3215: result: gcc
configure:3444: checking for C compiler version
configure:3453: gcc --version >&5
gcc (Debian 4.4.5-8) 4.4.5
Copyright (C) 2010 Free Software Foundation, Inc.
This is free software; see the source for copying conditions.  There is NO
warranty; not even for MERCHANTABILITY or FITNESS FOR A PARTICULAR PURPOSE.

configure:3464: $? = 0
configure:3453: gcc -v >&5
Using built-in specs.
Target: x86_64-linux-gnu
Configured with: ../src/configure -v --with-pkgversion='Debian 4.4.5-8' --with-bugurl=file:///usr/share/doc/gcc-4.4/README.Bugs --enable-languages=c,c++,fortran,objc,obj-c++ --prefix=/usr --program-suffix=-4.4 --enable-shared --enable-multiarch --enable-linker-build-id --with-system-zlib --libexecdir=/usr/lib --without-included-gettext --enable-threads=posix --with-gxx-include-dir=/usr/include/c++/4.4 --libdir=/usr/lib --enable-nls --enable-clocale=gnu --enable-libstdcxx-debug --enable-objc-gc --with-arch-32=i586 --with-tune=generic --enable-checking=release --build=x86_64-linux-gnu --host=x86_64-linux-gnu --target=x86_64-linux-gnu
Thread model: posix
gcc version 4.4.5 (Debian 4.4.5-8) 
configure:3464: $? = 0
configure:3453: gcc -V >&5
gcc: '-V' option must have argument
configure:3464: $? = 1
configure:3453: gcc -qversion >&5
gcc: unrecognized option '-qversion'
gcc: no input files
configure:3464: $? = 1
configure:3484: checking whether the C compiler works
configure:3506: gcc    conftest.c  >&5
configure:3510: $? = 0
configure:3558: result: yes
configure:3561: checking for C compiler default output file name
configure:3563: result: a.out
configure:3569: checking for suffix of executables
configure:3576: gcc -o conftest    conftest.c  >&5
configure:3580: $? = 0
configure:3602: result: 
configure:3624: checking whether we are cross compiling
configure:3632: gcc -o conftest    conftest.c  >&5
configure:3636: $? = 0
configure:3643: ./conftest
configure:3647: $? = 0
configure:3662: result: no
configure:3667: checking for suffix of object files
configure:3689: gcc -c   conftest.c >&5
configure:3693: $? = 0
configure:3714: result: o
configure:3718: checking whether we are using the GNU C compiler
configure:3737: gcc -c   conftest.c >&5
configure:3737: $? = 0
configure:3746: result: yes
configure:3755: checking whether gcc accepts -g
configure:3775: gcc -c -g  conftest.c >&5
configure:3775: $? = 0
configure:3816: result: yes
configure:3833: checking for gcc option to accept ISO C89
configure:3896: gcc  -c -g -O2  conftest.c >&5
configure:3896: $? = 0
configure:3909: result: none needed
configure:3931: checking dependency style of gcc
configure:4042: result: gcc3
configure:4059: checking dependency style of gcc
configure:4170: result: gcc3
configure:4185: checking for a sed that does not truncate output
configure:4249: result: /bin/sed
configure:4267: checking for grep that handles long lines and -e
configure:4325: result: /bin/grep
configure:4330: checking for egrep
configure:4392: result: /bin/grep -E
configure:4397: checking for fgrep
configure:4459: result: /bin/grep -F
configure:4494: checking for ld used by gcc
configure:4561: result: /usr/bin/ld
configure:4568: checking if the linker (/usr/bin/ld) is GNU ld
configure:4583: result: yes
configure:4595: checking for BSD- or MS-compatible name lister (nm)
configure:4644: result: /usr/bin/nm -B
configure:4774: checking the name lister (/usr/bin/nm -B) interface
configure:4781: gcc -c -g -O2  conftest.c >&5
configure:4784: /usr/bin/nm -B "conftest.o"
configure:4787: output
0000000000000000 B some_variable
configure:4794: result: BSD nm
configure:4797: checking whether ln -s works
configure:4801: result: yes
configure:4809: checking the maximum length of command line arguments
configure:4939: result: 1572864
configure:4956: checking whether the shell understands some XSI constructs
configure:4966: result: yes
configure:4970: checking whether the shell understands "+="
configure:4976: result: yes
configure:5011: checking how to convert x86_64-unknown-linux-gnu file names to x86_64-unknown-linux-gnu format
configure:5051: result: func_convert_file_noop
configure:5058: checking how to convert x86_64-unknown-linux-gnu file names to toolchain format
configure:5078: result: func_convert_file_noop
configure:5085: checking for /usr/bin/ld option to reload object files
configure:5092: result: -r
configure:5166: checking for objdump
configure:5182: found /usr/bin/objdump
configure:5193: result: objdump
configure:5225: checking how to recognize dependent libraries
configure:5423: result: pass_all
configure:5508: checking for dlltool
configure:5538: result: no
configure:5568: checking how to associate runtime and link libraries
configure:5595: result: printf %s\n
configure:5656: checking for ar
configure:5672: found /usr/bin/ar
configure:5683: result: ar
configure:5720: checking for archiver @FILE support
configure:5737: gcc -c -g -O2  conftest.c >&5
configure:5737: $? = 0
configure:5740: ar cru libconftest.a @conftest.lst >&5
configure:5743: $? = 0
configure:5748: ar cru libconftest.a @conftest.lst >&5
ar: conftest.o: No such file or directory
configure:5751: $? = 1
configure:5763: result: @
configure:5821: checking for strip
configure:5837: found /usr/bin/strip
configure:5848: result: strip
configure:5920: checking for ranlib
configure:5936: found /usr/bin/ranlib
configure:5947: result: ranlib
configure:6049: checking command to parse /usr/bin/nm -B output from gcc object
configure:6169: gcc -c -g -O2  conftest.c >&5
configure:6172: $? = 0
configure:6176: /usr/bin/nm -B conftest.o \| sed -n -e 's/^.*[ ]\([ABCDGIRSTW][ABCDGIRSTW]*\)[ ][ ]*\([_A-Za-z][_A-Za-z0-9]*\)$/\1 \2 \2/p' | sed '/ __gnu_lto/d' \> conftest.nm
configure:6179: $? = 0
configure:6245: gcc -o conftest -g -O2   conftest.c conftstm.o >&5
configure:6248: $? = 0
configure:6286: result: ok
configure:6323: checking for sysroot
configure:6353: result: no
configure:6430: gcc -c -g -O2  conftest.c >&5
configure:6433: $? = 0
configure:6609: checking for mt
configure:6625: found /bin/mt
configure:6636: result: mt
configure:6659: checking if mt is a manifest tool
configure:6665: mt '-?'
configure:6673: result: no
configure:7315: checking how to run the C preprocessor
configure:7346: gcc -E  conftest.c
configure:7346: $? = 0
configure:7360: gcc -E  conftest.c
conftest.c:13:28: error: ac_nonexistent.h: No such file or directory
configure:7360: $? = 1
configure: failed program was:
| /* confdefs.h */
| #define PACKAGE_NAME "INF2610-TP1-Hiv2013"
| #define PACKAGE_TARNAME "inf2610-tp1-hiv2013"
| #define PACKAGE_VERSION "1.0.0"
| #define PACKAGE_STRING "INF2610-TP1-Hiv2013 1.0.0"
| #define PACKAGE_BUGREPORT ""
| #define PACKAGE_URL ""
| #define PACKAGE "inf2610-tp1-hiv2013"
| #define VERSION "1.0.0"
| #define PACKAGE "inf2610-tp1-hiv2013"
| #define VERSION "1.0.0"
| /* end confdefs.h.  */
| #include <ac_nonexistent.h>
configure:7385: result: gcc -E
configure:7405: gcc -E  conftest.c
configure:7405: $? = 0
configure:7419: gcc -E  conftest.c
conftest.c:13:28: error: ac_nonexistent.h: No such file or directory
configure:7419: $? = 1
configure: failed program was:
| /* confdefs.h */
| #define PACKAGE_NAME "INF2610-TP1-Hiv2013"
| #define PACKAGE_TARNAME "inf2610-tp1-hiv2013"
| #define PACKAGE_VERSION "1.0.0"
| #define PACKAGE_STRING "INF2610-TP1-Hiv2013 1.0.0"
| #define PACKAGE_BUGREPORT ""
| #define PACKAGE_URL ""
| #define PACKAGE "inf2610-tp1-hiv2013"
| #define VERSION "1.0.0"
| #define PACKAGE "inf2610-tp1-hiv2013"
| #define VERSION "1.0.0"
| /* end confdefs.h.  */
| #include <ac_nonexistent.h>
configure:7448: checking for ANSI C header files
configure:7468: gcc -c -g -O2  conftest.c >&5
configure:7468: $? = 0
configure:7541: gcc -o conftest -g -O2   conftest.c  >&5
configure:7541: $? = 0
configure:7541: ./conftest
configure:7541: $? = 0
configure:7552: result: yes
configure:7565: checking for sys/types.h
configure:7565: gcc -c -g -O2  conftest.c >&5
configure:7565: $? = 0
configure:7565: result: yes
configure:7565: checking for sys/stat.h
configure:7565: gcc -c -g -O2  conftest.c >&5
configure:7565: $? = 0
configure:7565: result: yes
configure:7565: checking for stdlib.h
configure:7565: gcc -c -g -O2  conftest.c >&5
configure:7565: $? = 0
configure:7565: result: yes
configure:7565: checking for string.h
configure:7565: gcc -c -g -O2  conftest.c >&5
configure:7565: $? = 0
configure:7565: result: yes
configure:7565: checking for memory.h
configure:7565: gcc -c -g -O2  conftest.c >&5
configure:7565: $? = 0
configure:7565: result: yes
configure:7565: checking for strings.h
configure:7565: gcc -c -g -O2  conftest.c >&5
configure:7565: $? = 0
configure:7565: result: yes
configure:7565: checking for inttypes.h
configure:7565: gcc -c -g -O2  conftest.c >&5
configure:7565: $? = 0
configure:7565: result: yes
configure:7565: checking for stdint.h
configure:7565: gcc -c -g -O2  conftest.c >&5
configure:7565: $? = 0
configure:7565: result: yes
configure:7565: checking for unistd.h
configure:7565: gcc -c -g -O2  conftest.c >&5
configure:7565: $? = 0
configure:7565: result: yes
configure:7579: checking for dlfcn.h
configure:7579: gcc -c -g -O2  conftest.c >&5
configure:7579: $? = 0
configure:7579: result: yes
configure:7785: checking for objdir
configure:7800: result: .libs
configure:8067: checking if gcc supports -fno-rtti -fno-exceptions
configure:8085: gcc -c -g -O2  -fno-rtti -fno-exceptions conftest.c >&5
cc1: warning: command line option "-fno-rtti" is valid for C++/ObjC++ but not for C
configure:8089: $? = 0
configure:8102: result: no
configure:8429: checking for gcc option to produce PIC
configure:8436: result: -fPIC -DPIC
configure:8444: checking if gcc PIC flag -fPIC -DPIC works
configure:8462: gcc -c -g -O2  -fPIC -DPIC -DPIC conftest.c >&5
configure:8466: $? = 0
configure:8479: result: yes
configure:8508: checking if gcc static flag -static works
configure:8536: result: yes
configure:8551: checking if gcc supports -c -o file.o
configure:8572: gcc -c -g -O2  -o out/conftest2.o conftest.c >&5
configure:8576: $? = 0
configure:8598: result: yes
configure:8606: checking if gcc supports -c -o file.o
configure:8653: result: yes
configure:8686: checking whether the gcc linker (/usr/bin/ld -m elf_x86_64) supports shared libraries
configure:9843: result: yes
configure:9880: checking whether -lc should be explicitly linked in
configure:9888: gcc -c -g -O2  conftest.c >&5
configure:9891: $? = 0
configure:9906: gcc -shared  -fPIC -DPIC conftest.o  -v -Wl,-soname -Wl,conftest -o conftest 2\>\&1 \| /bin/grep  -lc  \>/dev/null 2\>\&1
configure:9909: $? = 0
configure:9923: result: no
configure:10083: checking dynamic linker characteristics
configure:10583: gcc -o conftest -g -O2   -Wl,-rpath -Wl,/foo conftest.c  >&5
configure:10583: $? = 0
configure:10817: result: GNU/Linux ld.so
configure:10924: checking how to hardcode library paths into programs
configure:10949: result: immediate
configure:11489: checking whether stripping libraries is possible
configure:11494: result: yes
configure:11529: checking if libtool supports shared libraries
configure:11531: result: yes
configure:11534: checking whether to build shared libraries
configure:11555: result: yes
configure:11558: checking whether to build static libraries
configure:11562: result: yes
configure:11603: checking for sys/types.h
configure:11603: result: yes
configure:11603: checking for unistd.h
configure:11603: result: yes
configure:11603: checking fcntl.h usability
configure:11603: gcc -c -g -O2  conftest.c >&5
configure:11603: $? = 0
configure:11603: result: yes
configure:11603: checking fcntl.h presence
configure:11603: gcc -E  conftest.c
configure:11603: $? = 0
configure:11603: result: yes
configure:11603: checking for fcntl.h
configure:11603: result: yes
configure:11603: checking for strings.h
configure:11603: result: yes
configure:11603: checking pthread.h usability
configure:11603: gcc -c -g -O2  conftest.c >&5
configure:11603: $? = 0
configure:11603: result: yes
configure:11603: checking pthread.h presence
configure:11603: gcc -E  conftest.c
configure:11603: $? = 0
configure:11603: result: yes
configure:11603: checking for pthread.h
configure:11603: result: yes
configure:11603: checking time.h usability
configure:11603: gcc -c -g -O2  conftest.c >&5
configure:11603: $? = 0
configure:11603: result: yes
configure:11603: checking time.h presence
configure:11603: gcc -E  conftest.c
configure:11603: $? = 0
configure:11603: result: yes
configure:11603: checking for time.h
configure:11603: result: yes
configure:11603: checking errno.h usability
configure:11603: gcc -c -g -O2  conftest.c >&5
configure:11603: $? = 0
configure:11603: result: yes
configure:11603: checking errno.h presence
configure:11603: gcc -E  conftest.c
configure:11603: $? = 0
configure:11603: result: yes
configure:11603: checking for errno.h
configure:11603: result: yes
configure:11603: checking stdarg.h usability
configure:11603: gcc -c -g -O2  conftest.c >&5
configure:11603: $? = 0
configure:11603: result: yes
configure:11603: checking stdarg.h presence
configure:11603: gcc -E  conftest.c
configure:11603: $? = 0
configure:11603: result: yes
configure:11603: checking for stdarg.h
configure:11603: result: yes
configure:11603: checking limits.h usability
configure:11603: gcc -c -g -O2  conftest.c >&5
configure:11603: $? = 0
configure:11603: result: yes
configure:11603: checking limits.h presence
configure:11603: gcc -E  conftest.c
configure:11603: $? = 0
configure:11603: result: yes
configure:11603: checking for limits.h
configure:11603: result: yes
configure:11603: checking signal.h usability
configure:11603: gcc -c -g -O2  conftest.c >&5
configure:11603: $? = 0
configure:11603: result: yes
configure:11603: checking signal.h presence
configure:11603: gcc -E  conftest.c
configure:11603: $? = 0
configure:11603: result: yes
configure:11603: checking for signal.h
configure:11603: result: yes
configure:11603: checking for stdlib.h
configure:11603: result: yes
configure:11616: checking for inttypes.h
configure:11616: result: yes
configure:11616: checking math.h usability
configure:11616: gcc -c -g -O2  conftest.c >&5
configure:11616: $? = 0
configure:11616: result: yes
configure:11616: checking math.h presence
configure:11616: gcc -E  conftest.c
configure:11616: $? = 0
configure:11616: result: yes
configure:11616: checking for math.h
configure:11616: result: yes
configure:11626: checking for pthread_create in -lpthread
configure:11651: gcc -o conftest -g -O2   conftest.c -lpthread   >&5
configure:11651: $? = 0
configure:11660: result: yes
configure:11671: checking for pow in -lm
configure:11696: gcc -o conftest -g -O2   conftest.c -lm  -lpthread  >&5
conftest.c:46: warning: conflicting types for built-in function 'pow'
configure:11696: $? = 0
configure:11705: result: yes
configure:11716: checking for fclose in -lstdc++
configure:11741: gcc -o conftest -g -O2   conftest.c -lstdc++  -lm -lpthread  >&5
/usr/bin/ld: cannot find -lstdc++
collect2: ld returned 1 exit status
configure:11741: $? = 1
configure: failed program was:
| /* confdefs.h */
| #define PACKAGE_NAME "INF2610-TP1-Hiv2013"
| #define PACKAGE_TARNAME "inf2610-tp1-hiv2013"
| #define PACKAGE_VERSION "1.0.0"
| #define PACKAGE_STRING "INF2610-TP1-Hiv2013 1.0.0"
| #define PACKAGE_BUGREPORT ""
| #define PACKAGE_URL ""
| #define PACKAGE "inf2610-tp1-hiv2013"
| #define VERSION "1.0.0"
| #define PACKAGE "inf2610-tp1-hiv2013"
| #define VERSION "1.0.0"
| #define STDC_HEADERS 1
| #define HAVE_SYS_TYPES_H 1
| #define HAVE_SYS_STAT_H 1
| #define HAVE_STDLIB_H 1
| #define HAVE_STRING_H 1
| #define HAVE_MEMORY_H 1
| #define HAVE_STRINGS_H 1
| #define HAVE_INTTYPES_H 1
| #define HAVE_STDINT_H 1
| #define HAVE_UNISTD_H 1
| #define HAVE_DLFCN_H 1
| #define LT_OBJDIR ".libs/"
| #define HAVE_SYS_TYPES_H 1
| #define HAVE_UNISTD_H 1
| #define HAVE_FCNTL_H 1
| #define HAVE_STRINGS_H 1
| #define HAVE_PTHREAD_H 1
| #define HAVE_TIME_H 1
| #define HAVE_ERRNO_H 1
| #define HAVE_STDARG_H 1
| #define HAVE_LIMITS_H 1
| #define HAVE_SIGNAL_H 1
| #define HAVE_STDLIB_H 1
| #define HAVE_INTTYPES_H 1
| #define HAVE_MATH_H 1
| #define HAVE_LIBPTHREAD 1
| #define HAVE_LIBM 1
| /* end confdefs.h.  */
| 
| /* Override any GCC internal prototype to avoid an error.
|    Use char because int might match the return type of a GCC
|    builtin and then its argument prototype would still apply.  */
| #ifdef __cplusplus
| extern "C"
| #endif
| char fclose ();
| int
| main ()
| {
| return fclose ();
|   ;
|   return 0;
| }
configure:11750: result: no
configure:11764: checking whether to enable debug mode
configure:11782: result: no
configure:11795: checking for gcc option to support OpenMP
configure:11810: gcc -o conftest -Wall -O3 -fomit-frame-pointer   conftest.c -lm -lpthread  >&5
conftest.c:42: error: expected '=', ',', ';', 'asm' or '__attribute__' before 'me'
In file included from conftest.c:44:
/usr/lib/gcc/x86_64-linux-gnu/4.4.5/include/omp.h:76: error: expected ')' before '*' token
/usr/lib/gcc/x86_64-linux-gnu/4.4.5/include/omp.h:77: error: expected ')' before '*' token
/usr/lib/gcc/x86_64-linux-gnu/4.4.5/include/omp.h:78: error: expected ')' before '*' token
/usr/lib/gcc/x86_64-linux-gnu/4.4.5/include/omp.h:79: error: expected ')' before '*' token
/usr/lib/gcc/x86_64-linux-gnu/4.4.5/include/omp.h:80: error: expected ')' before '*' token
configure:11810: $? = 1
configure: failed program was:
| /* confdefs.h */
| #define PACKAGE_NAME "INF2610-TP1-Hiv2013"
| #define PACKAGE_TARNAME "inf2610-tp1-hiv2013"
| #define PACKAGE_VERSION "1.0.0"
| #define PACKAGE_STRING "INF2610-TP1-Hiv2013 1.0.0"
| #define PACKAGE_BUGREPORT ""
| #define PACKAGE_URL ""
| #define PACKAGE "inf2610-tp1-hiv2013"
| #define VERSION "1.0.0"
| #define PACKAGE "inf2610-tp1-hiv2013"
| #define VERSION "1.0.0"
| #define STDC_HEADERS 1
| #define HAVE_SYS_TYPES_H 1
| #define HAVE_SYS_STAT_H 1
| #define HAVE_STDLIB_H 1
| #define HAVE_STRING_H 1
| #define HAVE_MEMORY_H 1
| #define HAVE_STRINGS_H 1
| #define HAVE_INTTYPES_H 1
| #define HAVE_STDINT_H 1
| #define HAVE_UNISTD_H 1
| #define HAVE_DLFCN_H 1
| #define LT_OBJDIR ".libs/"
| #define HAVE_SYS_TYPES_H 1
| #define HAVE_UNISTD_H 1
| #define HAVE_FCNTL_H 1
| #define HAVE_STRINGS_H 1
| #define HAVE_PTHREAD_H 1
| #define HAVE_TIME_H 1
| #define HAVE_ERRNO_H 1
| #define HAVE_STDARG_H 1
| #define HAVE_LIMITS_H 1
| #define HAVE_SIGNAL_H 1
| #define HAVE_STDLIB_H 1
| #define HAVE_INTTYPES_H 1
| #define HAVE_MATH_H 1
| #define HAVE_LIBPTHREAD 1
| #define HAVE_LIBM 1
| /* end confdefs.h.  */
| 
| #ifndef _OPENMP
|  choke me
| #endif
| #include <omp.h>
| int main () { return omp_get_num_threads (); }
| 
configure:11828: gcc -o conftest -Wall -O3 -fomit-frame-pointer -fopenmp   conftest.c -lm -lpthread  >&5
configure:11828: $? = 0
configure:11842: result: -fopenmp
configure:11866: checking whether make supports nested variables
configure:11883: result: yes
configure:11944: checking for gcc
configure:11971: result: gcc
configure:12200: checking for C compiler version
configure:12209: gcc --version >&5
gcc (Debian 4.4.5-8) 4.4.5
Copyright (C) 2010 Free Software Foundation, Inc.
This is free software; see the source for copying conditions.  There is NO
warranty; not even for MERCHANTABILITY or FITNESS FOR A PARTICULAR PURPOSE.

configure:12220: $? = 0
configure:12209: gcc -v >&5
Using built-in specs.
Target: x86_64-linux-gnu
Configured with: ../src/configure -v --with-pkgversion='Debian 4.4.5-8' --with-bugurl=file:///usr/share/doc/gcc-4.4/README.Bugs --enable-languages=c,c++,fortran,objc,obj-c++ --prefix=/usr --program-suffix=-4.4 --enable-shared --enable-multiarch --enable-linker-build-id --with-system-zlib --libexecdir=/usr/lib --without-included-gettext --enable-threads=posix --with-gxx-include-dir=/usr/include/c++/4.4 --libdir=/usr/lib --enable-nls --enable-clocale=gnu --enable-libstdcxx-debug --enable-objc-gc --with-arch-32=i586 --with-tune=generic --enable-checking=release --build=x86_64-linux-gnu --host=x86_64-linux-gnu --target=x86_64-linux-gnu
Thread model: posix
gcc version 4.4.5 (Debian 4.4.5-8) 
configure:12220: $? = 0
configure:12209: gcc -V >&5
gcc: '-V' option must have argument
configure:12220: $? = 1
configure:12209: gcc -qversion >&5
gcc: unrecognized option '-qversion'
gcc: no input files
configure:12220: $? = 1
configure:12224: checking whether we are using the GNU C compiler
configure:12252: result: yes
configure:12261: checking whether gcc accepts -g
configure:12322: result: yes
configure:12339: checking for gcc option to accept ISO C89
configure:12415: result: none needed
configure:12437: checking dependency style of gcc
configure:12548: result: gcc3
configure:12565: checking dependency style of gcc
configure:12676: result: gcc3
configure:12749: checking for g++
configure:12779: result: no
configure:12749: checking for c++
configure:12779: result: no
configure:12749: checking for gpp
configure:12779: result: no
configure:12749: checking for aCC
configure:12779: result: no
configure:12749: checking for CC
configure:12779: result: no
configure:12749: checking for cxx
configure:12779: result: no
configure:12749: checking for cc++
configure:12779: result: no
configure:12749: checking for cl.exe
configure:12779: result: no
configure:12749: checking for FCC
configure:12779: result: no
configure:12749: checking for KCC
configure:12779: result: no
configure:12749: checking for RCC
configure:12779: result: no
configure:12749: checking for xlC_r
configure:12779: result: no
configure:12749: checking for xlC
configure:12779: result: no
configure:12803: checking for C++ compiler version
configure:12812: g++ --version >&5
./configure: line 12814: g++: command not found
configure:12823: $? = 127
configure:12812: g++ -v >&5
./configure: line 12814: g++: command not found
configure:12823: $? = 127
configure:12812: g++ -V >&5
./configure: line 12814: g++: command not found
configure:12823: $? = 127
configure:12812: g++ -qversion >&5
./configure: line 12814: g++: command not found
configure:12823: $? = 127
configure:12827: checking whether we are using the GNU C++ compiler
configure:12846: g++ -c   conftest.cpp >&5
./configure: line 1880: g++: command not found
configure:12846: $? = 127
configure: failed program was:
| /* confdefs.h */
| #define PACKAGE_NAME "INF2610-TP1-Hiv2013"
| #define PACKAGE_TARNAME "inf2610-tp1-hiv2013"
| #define PACKAGE_VERSION "1.0.0"
| #define PACKAGE_STRING "INF2610-TP1-Hiv2013 1.0.0"
| #define PACKAGE_BUGREPORT ""
| #define PACKAGE_URL ""
| #define PACKAGE "inf2610-tp1-hiv2013"
| #define VERSION "1.0.0"
| #define PACKAGE "inf2610-tp1-hiv2013"
| #define VERSION "1.0.0"
| #define STDC_HEADERS 1
| #define HAVE_SYS_TYPES_H 1
| #define HAVE_SYS_STAT_H 1
| #define HAVE_STDLIB_H 1
| #define HAVE_STRING_H 1
| #define HAVE_MEMORY_H 1
| #define HAVE_STRINGS_H 1
| #define HAVE_INTTYPES_H 1
| #define HAVE_STDINT_H 1
| #define HAVE_UNISTD_H 1
| #define HAVE_DLFCN_H 1
| #define LT_OBJDIR ".libs/"
| #define HAVE_SYS_TYPES_H 1
| #define HAVE_UNISTD_H 1
| #define HAVE_FCNTL_H 1
| #define HAVE_STRINGS_H 1
| #define HAVE_PTHREAD_H 1
| #define HAVE_TIME_H 1
| #define HAVE_ERRNO_H 1
| #define HAVE_STDARG_H 1
| #define HAVE_LIMITS_H 1
| #define HAVE_SIGNAL_H 1
| #define HAVE_STDLIB_H 1
| #define HAVE_INTTYPES_H 1
| #define HAVE_MATH_H 1
| #define HAVE_LIBPTHREAD 1
| #define HAVE_LIBM 1
| /* end confdefs.h.  */
| 
| int
| main ()
| {
| #ifndef __GNUC__
|        choke me
| #endif
| 
|   ;
|   return 0;
| }
configure:12855: result: no
configure:12864: checking whether g++ accepts -g
configure:12884: g++ -c -g  conftest.cpp >&5
./configure: line 1880: g++: command not found
configure:12884: $? = 127
configure: failed program was:
| /* confdefs.h */
| #define PACKAGE_NAME "INF2610-TP1-Hiv2013"
| #define PACKAGE_TARNAME "inf2610-tp1-hiv2013"
| #define PACKAGE_VERSION "1.0.0"
| #define PACKAGE_STRING "INF2610-TP1-Hiv2013 1.0.0"
| #define PACKAGE_BUGREPORT ""
| #define PACKAGE_URL ""
| #define PACKAGE "inf2610-tp1-hiv2013"
| #define VERSION "1.0.0"
| #define PACKAGE "inf2610-tp1-hiv2013"
| #define VERSION "1.0.0"
| #define STDC_HEADERS 1
| #define HAVE_SYS_TYPES_H 1
| #define HAVE_SYS_STAT_H 1
| #define HAVE_STDLIB_H 1
| #define HAVE_STRING_H 1
| #define HAVE_MEMORY_H 1
| #define HAVE_STRINGS_H 1
| #define HAVE_INTTYPES_H 1
| #define HAVE_STDINT_H 1
| #define HAVE_UNISTD_H 1
| #define HAVE_DLFCN_H 1
| #define LT_OBJDIR ".libs/"
| #define HAVE_SYS_TYPES_H 1
| #define HAVE_UNISTD_H 1
| #define HAVE_FCNTL_H 1
| #define HAVE_STRINGS_H 1
| #define HAVE_PTHREAD_H 1
| #define HAVE_TIME_H 1
| #define HAVE_ERRNO_H 1
| #define HAVE_STDARG_H 1
| #define HAVE_LIMITS_H 1
| #define HAVE_SIGNAL_H 1
| #define HAVE_STDLIB_H 1
| #define HAVE_INTTYPES_H 1
| #define HAVE_MATH_H 1
| #define HAVE_LIBPTHREAD 1
| #define HAVE_LIBM 1
| /* end confdefs.h.  */
| 
| int
| main ()
| {
| 
|   ;
|   return 0;
| }
configure:12899: g++ -c   conftest.cpp >&5
./configure: line 1880: g++: command not found
configure:12899: $? = 127
configure: failed program was:
| /* confdefs.h */
| #define PACKAGE_NAME "INF2610-TP1-Hiv2013"
| #define PACKAGE_TARNAME "inf2610-tp1-hiv2013"
| #define PACKAGE_VERSION "1.0.0"
| #define PACKAGE_STRING "INF2610-TP1-Hiv2013 1.0.0"
| #define PACKAGE_BUGREPORT ""
| #define PACKAGE_URL ""
| #define PACKAGE "inf2610-tp1-hiv2013"
| #define VERSION "1.0.0"
| #define PACKAGE "inf2610-tp1-hiv2013"
| #define VERSION "1.0.0"
| #define STDC_HEADERS 1
| #define HAVE_SYS_TYPES_H 1
| #define HAVE_SYS_STAT_H 1
| #define HAVE_STDLIB_H 1
| #define HAVE_STRING_H 1
| #define HAVE_MEMORY_H 1
| #define HAVE_STRINGS_H 1
| #define HAVE_INTTYPES_H 1
| #define HAVE_STDINT_H 1
| #define HAVE_UNISTD_H 1
| #define HAVE_DLFCN_H 1
| #define LT_OBJDIR ".libs/"
| #define HAVE_SYS_TYPES_H 1
| #define HAVE_UNISTD_H 1
| #define HAVE_FCNTL_H 1
| #define HAVE_STRINGS_H 1
| #define HAVE_PTHREAD_H 1
| #define HAVE_TIME_H 1
| #define HAVE_ERRNO_H 1
| #define HAVE_STDARG_H 1
| #define HAVE_LIMITS_H 1
| #define HAVE_SIGNAL_H 1
| #define HAVE_STDLIB_H 1
| #define HAVE_INTTYPES_H 1
| #define HAVE_MATH_H 1
| #define HAVE_LIBPTHREAD 1
| #define HAVE_LIBM 1
| /* end confdefs.h.  */
| 
| int
| main ()
| {
| 
|   ;
|   return 0;
| }
configure:12915: g++ -c -g  conftest.cpp >&5
./configure: line 1880: g++: command not found
configure:12915: $? = 127
configure: failed program was:
| /* confdefs.h */
| #define PACKAGE_NAME "INF2610-TP1-Hiv2013"
| #define PACKAGE_TARNAME "inf2610-tp1-hiv2013"
| #define PACKAGE_VERSION "1.0.0"
| #define PACKAGE_STRING "INF2610-TP1-Hiv2013 1.0.0"
| #define PACKAGE_BUGREPORT ""
| #define PACKAGE_URL ""
| #define PACKAGE "inf2610-tp1-hiv2013"
| #define VERSION "1.0.0"
| #define PACKAGE "inf2610-tp1-hiv2013"
| #define VERSION "1.0.0"
| #define STDC_HEADERS 1
| #define HAVE_SYS_TYPES_H 1
| #define HAVE_SYS_STAT_H 1
| #define HAVE_STDLIB_H 1
| #define HAVE_STRING_H 1
| #define HAVE_MEMORY_H 1
| #define HAVE_STRINGS_H 1
| #define HAVE_INTTYPES_H 1
| #define HAVE_STDINT_H 1
| #define HAVE_UNISTD_H 1
| #define HAVE_DLFCN_H 1
| #define LT_OBJDIR ".libs/"
| #define HAVE_SYS_TYPES_H 1
| #define HAVE_UNISTD_H 1
| #define HAVE_FCNTL_H 1
| #define HAVE_STRINGS_H 1
| #define HAVE_PTHREAD_H 1
| #define HAVE_TIME_H 1
| #define HAVE_ERRNO_H 1
| #define HAVE_STDARG_H 1
| #define HAVE_LIMITS_H 1
| #define HAVE_SIGNAL_H 1
| #define HAVE_STDLIB_H 1
| #define HAVE_INTTYPES_H 1
| #define HAVE_MATH_H 1
| #define HAVE_LIBPTHREAD 1
| #define HAVE_LIBM 1
| /* end confdefs.h.  */
| 
| int
| main ()
| {
| 
|   ;
|   return 0;
| }
configure:12925: result: no
configure:12950: checking dependency style of g++
configure:13061: result: none
configure:13078: checking dependency style of g++
configure:13189: result: none
configure:16405: checking whether gcc and cc understand -c and -o together
configure:16436: gcc -c conftest.c -o conftest2.o >&5
configure:16440: $? = 0
configure:16446: gcc -c conftest.c -o conftest2.o >&5
configure:16450: $? = 0
configure:16461: cc -c conftest.c >&5
configure:16465: $? = 0
configure:16473: cc -c conftest.c -o conftest2.o >&5
configure:16477: $? = 0
configure:16483: cc -c conftest.c -o conftest2.o >&5
configure:16487: $? = 0
configure:16505: result: yes
configure:16690: creating ./config.status

## ---------------------- ##
## Running config.status. ##
## ---------------------- ##

This file was extended by INF2610-TP1-Hiv2013 config.status 1.0.0, which was
generated by GNU Autoconf 2.69.  Invocation command line was

  CONFIG_FILES    = 
  CONFIG_HEADERS  = 
  CONFIG_LINKS    = 
  CONFIG_COMMANDS = 
  $ ./config.status 

on debian-64

config.status:1163: creating Makefile
config.status:1163: creating src/Makefile
config.status:1163: creating tests/Makefile
config.status:1163: creating config.h
config.status:1392: executing depfiles commands
config.status:1392: executing libtool commands

## ---------------- ##
## Cache variables. ##
## ---------------- ##

ac_cv_build=x86_64-unknown-linux-gnu
ac_cv_c_compiler_gnu=yes
ac_cv_cxx_compiler_gnu=no
ac_cv_env_CCC_set=
ac_cv_env_CCC_value=
ac_cv_env_CC_set=
ac_cv_env_CC_value=
ac_cv_env_CFLAGS_set=
ac_cv_env_CFLAGS_value=
ac_cv_env_CPPFLAGS_set=
ac_cv_env_CPPFLAGS_value=
ac_cv_env_CPP_set=
ac_cv_env_CPP_value=
ac_cv_env_CXXCPP_set=
ac_cv_env_CXXCPP_value=
ac_cv_env_CXXFLAGS_set=
ac_cv_env_CXXFLAGS_value=
ac_cv_env_CXX_set=
ac_cv_env_CXX_value=
ac_cv_env_LDFLAGS_set=
ac_cv_env_LDFLAGS_value=
ac_cv_env_LIBS_set=
ac_cv_env_LIBS_value=
ac_cv_env_build_alias_set=
ac_cv_env_build_alias_value=
ac_cv_env_host_alias_set=
ac_cv_env_host_alias_value=
ac_cv_env_target_alias_set=
ac_cv_env_target_alias_value=
ac_cv_header_dlfcn_h=yes
ac_cv_header_errno_h=yes
ac_cv_header_fcntl_h=yes
ac_cv_header_inttypes_h=yes
ac_cv_header_limits_h=yes
ac_cv_header_math_h=yes
ac_cv_header_memory_h=yes
ac_cv_header_pthread_h=yes
ac_cv_header_signal_h=yes
ac_cv_header_stdarg_h=yes
ac_cv_header_stdc=yes
ac_cv_header_stdint_h=yes
ac_cv_header_stdlib_h=yes
ac_cv_header_string_h=yes
ac_cv_header_strings_h=yes
ac_cv_header_sys_stat_h=yes
ac_cv_header_sys_types_h=yes
ac_cv_header_time_h=yes
ac_cv_header_unistd_h=yes
ac_cv_host=x86_64-unknown-linux-gnu
ac_cv_lib_m_pow=yes
ac_cv_lib_pthread_pthread_create=yes
ac_cv_lib_stdcpp_fclose=no
ac_cv_objext=o
ac_cv_path_EGREP='/bin/grep -E'
ac_cv_path_FGREP='/bin/grep -F'
ac_cv_path_GREP=/bin/grep
ac_cv_path_SED=/bin/sed
ac_cv_path_install='/usr/bin/install -c'
ac_cv_path_mkdir=/bin/mkdir
ac_cv_prog_AWK=mawk
ac_cv_prog_CPP='gcc -E'
ac_cv_prog_ac_ct_AR=ar
ac_cv_prog_ac_ct_CC=gcc
ac_cv_prog_ac_ct_MANIFEST_TOOL=mt
ac_cv_prog_ac_ct_OBJDUMP=objdump
ac_cv_prog_ac_ct_RANLIB=ranlib
ac_cv_prog_ac_ct_STRIP=strip
ac_cv_prog_c_openmp=-fopenmp
ac_cv_prog_cc_c89=
ac_cv_prog_cc_g=yes
ac_cv_prog_cc_gcc_c_o=yes
ac_cv_prog_cxx_g=no
ac_cv_prog_make_make_set=yes
am_cv_CC_dependencies_compiler_type=gcc3
am_cv_CXX_dependencies_compiler_type=none
am_cv_make_support_nested_variables=yes
lt_cv_ar_at_file=@
lt_cv_archive_cmds_need_lc=no
lt_cv_deplibs_check_method=pass_all
lt_cv_file_magic_cmd='$MAGIC_CMD'
lt_cv_file_magic_test_file=
lt_cv_ld_reload_flag=-r
lt_cv_nm_interface='BSD nm'
lt_cv_objdir=.libs
lt_cv_path_LD=/usr/bin/ld
lt_cv_path_NM='/usr/bin/nm -B'
lt_cv_path_mainfest_tool=no
lt_cv_prog_compiler_c_o=yes
lt_cv_prog_compiler_pic='-fPIC -DPIC'
lt_cv_prog_compiler_pic_works=yes
lt_cv_prog_compiler_rtti_exceptions=no
lt_cv_prog_compiler_static_works=yes
lt_cv_prog_gnu_ld=yes
lt_cv_sharedlib_from_linklib_cmd='printf %s\n'
lt_cv_shlibpath_overrides_runpath=no
lt_cv_sys_global_symbol_pipe='sed -n -e '\''s/^.*[	 ]\([ABCDGIRSTW][ABCDGIRSTW]*\)[	 ][	 ]*\([_A-Za-z][_A-Za-z0-9]*\)$/\1 \2 \2/p'\'' | sed '\''/ __gnu_lto/d'\'''
lt_cv_sys_global_symbol_to_c_name_address='sed -n -e '\''s/^: \([^ ]*\)[ ]*$/  {\"\1\", (void *) 0},/p'\'' -e '\''s/^[ABCDGIRSTW]* \([^ ]*\) \([^ ]*\)$/  {"\2", (void *) \&\2},/p'\'''
lt_cv_sys_global_symbol_to_c_name_address_lib_prefix='sed -n -e '\''s/^: \([^ ]*\)[ ]*$/  {\"\1\", (void *) 0},/p'\'' -e '\''s/^[ABCDGIRSTW]* \([^ ]*\) \(lib[^ ]*\)$/  {"\2", (void *) \&\2},/p'\'' -e '\''s/^[ABCDGIRSTW]* \([^ ]*\) \([^ ]*\)$/  {"lib\2", (void *) \&\2},/p'\'''
lt_cv_sys_global_symbol_to_cdecl='sed -n -e '\''s/^T .* \(.*\)$/extern int \1();/p'\'' -e '\''s/^[ABCDGIRSTW]* .* \(.*\)$/extern char \1;/p'\'''
lt_cv_sys_max_cmd_len=1572864
lt_cv_to_host_file_cmd=func_convert_file_noop
lt_cv_to_tool_file_cmd=func_convert_file_noop

## ----------------- ##
## Output variables. ##
## ----------------- ##

ACLOCAL='${SHELL} /home/alexrose/Documents/TP-2610/TP1/inf2610-tp1-hiv2013-1.0.0/missing --run aclocal-1.11'
AMDEPBACKSLASH='\'
AMDEP_FALSE='#'
AMDEP_TRUE=''
AMTAR='$${TAR-tar}'
AM_BACKSLASH='\'
AM_DEFAULT_V='$(AM_DEFAULT_VERBOSITY)'
AM_DEFAULT_VERBOSITY='0'
AM_V='$(V)'
AR='ar'
AUTOCONF='${SHELL} /home/alexrose/Documents/TP-2610/TP1/inf2610-tp1-hiv2013-1.0.0/missing --run autoconf'
AUTOHEADER='${SHELL} /home/alexrose/Documents/TP-2610/TP1/inf2610-tp1-hiv2013-1.0.0/missing --run autoheader'
AUTOMAKE='${SHELL} /home/alexrose/Documents/TP-2610/TP1/inf2610-tp1-hiv2013-1.0.0/missing --run automake-1.11'
AWK='mawk'
CC='gcc'
CCDEPMODE='depmode=gcc3'
CFLAGS='-Wall -O3 -fomit-frame-pointer'
CPP='gcc -E'
CPPFLAGS=''
CXX='g++'
CXXCPP=''
CXXDEPMODE='depmode=none'
CXXFLAGS=''
CYGPATH_W='echo'
DEFS='-DHAVE_CONFIG_H'
DEPDIR='.deps'
DLLTOOL='false'
DSYMUTIL=''
DUMPBIN=''
ECHO_C=''
ECHO_N='-n'
ECHO_T=''
EGREP='/bin/grep -E'
EXEEXT=''
FGREP='/bin/grep -F'
GREP='/bin/grep'
INSTALL_DATA='${INSTALL} -m 644'
INSTALL_PROGRAM='${INSTALL}'
INSTALL_SCRIPT='${INSTALL}'
INSTALL_STRIP_PROGRAM='$(install_sh) -c -s'
LD='/usr/bin/ld -m elf_x86_64'
LDFLAGS=''
LIBOBJS=''
LIBS='-lm -lpthread '
LIBTOOL='$(SHELL) $(top_builddir)/libtool'
LIPO=''
LN_S='ln -s'
LTLIBOBJS=''
MAKEINFO='${SHELL} /home/alexrose/Documents/TP-2610/TP1/inf2610-tp1-hiv2013-1.0.0/missing --run makeinfo'
MANIFEST_TOOL=':'
MKDIR_P='/bin/mkdir -p'
NM='/usr/bin/nm -B'
NMEDIT=''
OBJDUMP='objdump'
OBJEXT='o'
OPENMP_CFLAGS='-fopenmp'
OTOOL64=''
OTOOL=''
PACKAGE='inf2610-tp1-hiv2013'
PACKAGE_BUGREPORT=''
PACKAGE_NAME='INF2610-TP1-Hiv2013'
PACKAGE_STRING='INF2610-TP1-Hiv2013 1.0.0'
PACKAGE_TARNAME='inf2610-tp1-hiv2013'
PACKAGE_URL=''
PACKAGE_VERSION='1.0.0'
PATH_SEPARATOR=':'
RANLIB='ranlib'
SED='/bin/sed'
SET_MAKE=''
SHELL='/bin/bash'
STRIP='strip'
VERSION='1.0.0'
ac_ct_AR='ar'
ac_ct_CC='gcc'
ac_ct_CXX=''
ac_ct_DUMPBIN=''
am__EXEEXT_FALSE=''
am__EXEEXT_TRUE='#'
am__fastdepCC_FALSE='#'
am__fastdepCC_TRUE=''
am__fastdepCXX_FALSE=''
am__fastdepCXX_TRUE='#'
am__include='include'
am__isrc=''
am__leading_dot='.'
am__nodep='_no'
am__quote=''
am__tar='$${TAR-tar} chof - "$$tardir"'
am__untar='$${TAR-tar} xf -'
bindir='${exec_prefix}/bin'
build='x86_64-unknown-linux-gnu'
build_alias=''
build_cpu='x86_64'
build_os='linux-gnu'
build_vendor='unknown'
datadir='${datarootdir}'
datarootdir='${prefix}/share'
docdir='${datarootdir}/doc/${PACKAGE_TARNAME}'
dvidir='${docdir}'
exec_prefix='${prefix}'
host='x86_64-unknown-linux-gnu'
host_alias=''
host_cpu='x86_64'
host_os='linux-gnu'
host_vendor='unknown'
htmldir='${docdir}'
includedir='${prefix}/include'
infodir='${datarootdir}/info'
install_sh='${SHELL} /home/alexrose/Documents/TP-2610/TP1/inf2610-tp1-hiv2013-1.0.0/install-sh'
libdir='${exec_prefix}/lib'
libexecdir='${exec_prefix}/libexec'
localedir='${datarootdir}/locale'
localstatedir='${prefix}/var'
mandir='${datarootdir}/man'
mkdir_p='/bin/mkdir -p'
oldincludedir='/usr/include'
pdfdir='${docdir}'
prefix='/usr/local'
program_transform_name='s,x,x,'
psdir='${docdir}'
sbindir='${exec_prefix}/sbin'
sharedstatedir='${prefix}/com'
sysconfdir='${prefix}/etc'
target_alias=''

## ----------- ##
## confdefs.h. ##
## ----------- ##

/* confdefs.h */
#define PACKAGE_NAME "INF2610-TP1-Hiv2013"
#define PACKAGE_TARNAME "inf2610-tp1-hiv2013"
#define PACKAGE_VERSION "1.0.0"
#define PACKAGE_STRING "INF2610-TP1-Hiv2013 1.0.0"
#define PACKAGE_BUGREPORT ""
#define PACKAGE_URL ""
#define PACKAGE "inf2610-tp1-hiv2013"
#define VERSION "1.0.0"
#define PACKAGE "inf2610-tp1-hiv2013"
#define VERSION "1.0.0"
#define STDC_HEADERS 1
#define HAVE_SYS_TYPES_H 1
#define HAVE_SYS_STAT_H 1
#define HAVE_STDLIB_H 1
#define HAVE_STRING_H 1
#define HAVE_MEMORY_H 1
#define HAVE_STRINGS_H 1
#define HAVE_INTTYPES_H 1
#define HAVE_STDINT_H 1
#define HAVE_UNISTD_H 1
#define HAVE_DLFCN_H 1
#define LT_OBJDIR ".libs/"
#define HAVE_SYS_TYPES_H 1
#define HAVE_UNISTD_H 1
#define HAVE_FCNTL_H 1
#define HAVE_STRINGS_H 1
#define HAVE_PTHREAD_H 1
#define HAVE_TIME_H 1
#define HAVE_ERRNO_H 1
#define HAVE_STDARG_H 1
#define HAVE_LIMITS_H 1
#define HAVE_SIGNAL_H 1
#define HAVE_STDLIB_H 1
#define HAVE_INTTYPES_H 1
#define HAVE_MATH_H 1
#define HAVE_LIBPTHREAD 1
#define HAVE_LIBM 1

configure: exit 0
